<?xml version="1.0" encoding="UTF-8"?>
<coverage generated="1765168016598" clover="3.2.0">
  <project timestamp="1765168016598" name="All files">
    <metrics statements="74" coveredstatements="54" conditionals="39" coveredconditionals="24" methods="18" coveredmethods="13" elements="131" coveredelements="91" complexity="0" loc="74" ncloc="74" packages="2" files="7" classes="7"/>
    <package name="src">
      <metrics statements="31" coveredstatements="30" conditionals="17" coveredconditionals="15" methods="5" coveredmethods="5"/>
      <file name="diffBuilder.js" path="/home/perfectblue/frontend-project-46/src/diffBuilder.js">
        <metrics statements="14" coveredstatements="14" conditionals="10" coveredconditionals="10" methods="2" coveredmethods="2"/>
        <line num="3" count="2" type="stmt"/>
        <line num="4" count="17" type="stmt"/>
        <line num="6" count="17" type="stmt"/>
        <line num="7" count="64" type="stmt"/>
        <line num="8" count="64" type="stmt"/>
        <line num="10" count="64" type="cond" truecount="2" falsecount="0"/>
        <line num="11" count="10" type="stmt"/>
        <line num="13" count="54" type="cond" truecount="2" falsecount="0"/>
        <line num="14" count="17" type="stmt"/>
        <line num="16" count="37" type="cond" truecount="4" falsecount="0"/>
        <line num="17" count="12" type="stmt"/>
        <line num="19" count="25" type="cond" truecount="2" falsecount="0"/>
        <line num="20" count="14" type="stmt"/>
        <line num="22" count="11" type="stmt"/>
      </file>
      <file name="genDiff.js" path="/home/perfectblue/frontend-project-46/src/genDiff.js">
        <metrics statements="7" coveredstatements="7" conditionals="1" coveredconditionals="1" methods="1" coveredmethods="1"/>
        <line num="5" count="2" type="cond" truecount="1" falsecount="0"/>
        <line num="6" count="5" type="stmt"/>
        <line num="7" count="5" type="stmt"/>
        <line num="8" count="5" type="stmt"/>
        <line num="9" count="5" type="stmt"/>
        <line num="11" count="5" type="stmt"/>
        <line num="12" count="5" type="stmt"/>
      </file>
      <file name="parsers.js" path="/home/perfectblue/frontend-project-46/src/parsers.js">
        <metrics statements="10" coveredstatements="9" conditionals="6" coveredconditionals="4" methods="2" coveredmethods="2"/>
        <line num="5" count="2" type="stmt"/>
        <line num="6" count="10" type="stmt"/>
        <line num="7" count="10" type="stmt"/>
        <line num="10" count="2" type="stmt"/>
        <line num="11" count="10" type="stmt"/>
        <line num="13" count="10" type="cond" truecount="2" falsecount="0"/>
        <line num="14" count="6" type="stmt"/>
        <line num="16" count="4" type="cond" truecount="2" falsecount="2"/>
        <line num="17" count="4" type="stmt"/>
        <line num="20" count="0" type="stmt"/>
      </file>
    </package>
    <package name="src.formatters">
      <metrics statements="43" coveredstatements="24" conditionals="22" coveredconditionals="9" methods="13" coveredmethods="8"/>
      <file name="index.js" path="/home/perfectblue/frontend-project-46/src/formatters/index.js">
        <metrics statements="5" coveredstatements="4" conditionals="2" coveredconditionals="1" methods="1" coveredmethods="1"/>
        <line num="5" count="2" type="stmt"/>
        <line num="11" count="2" type="stmt"/>
        <line num="12" count="5" type="cond" truecount="1" falsecount="1"/>
        <line num="13" count="0" type="stmt"/>
        <line num="15" count="5" type="stmt"/>
      </file>
      <file name="json.js" path="/home/perfectblue/frontend-project-46/src/formatters/json.js">
        <metrics statements="1" coveredstatements="1" conditionals="0" coveredconditionals="0" methods="1" coveredmethods="1"/>
        <line num="1" count="2" type="stmt"/>
      </file>
      <file name="plain.js" path="/home/perfectblue/frontend-project-46/src/formatters/plain.js">
        <metrics statements="19" coveredstatements="2" conditionals="11" coveredconditionals="0" methods="5" coveredmethods="0"/>
        <line num="1" count="2" type="stmt"/>
        <line num="2" count="0" type="cond" truecount="0" falsecount="2"/>
        <line num="3" count="0" type="stmt"/>
        <line num="5" count="0" type="cond" truecount="0" falsecount="2"/>
        <line num="6" count="0" type="stmt"/>
        <line num="8" count="0" type="cond" truecount="0" falsecount="2"/>
        <line num="9" count="0" type="stmt"/>
        <line num="11" count="0" type="stmt"/>
        <line num="14" count="2" type="stmt"/>
        <line num="15" count="0" type="stmt"/>
        <line num="16" count="0" type="stmt"/>
        <line num="18" count="0" type="stmt"/>
        <line num="20" count="0" type="cond" truecount="0" falsecount="5"/>
        <line num="22" count="0" type="stmt"/>
        <line num="25" count="0" type="stmt"/>
        <line num="28" count="0" type="stmt"/>
        <line num="31" count="0" type="stmt"/>
        <line num="34" count="0" type="stmt"/>
        <line num="40" count="0" type="stmt"/>
      </file>
      <file name="stylish.js" path="/home/perfectblue/frontend-project-46/src/formatters/stylish.js">
        <metrics statements="18" coveredstatements="17" conditionals="9" coveredconditionals="8" methods="6" coveredmethods="6"/>
        <line num="3" count="2" type="cond" truecount="1" falsecount="0"/>
        <line num="4" count="96" type="stmt"/>
        <line num="6" count="2" type="stmt"/>
        <line num="7" count="66" type="cond" truecount="2" falsecount="0"/>
        <line num="8" count="52" type="stmt"/>
        <line num="11" count="14" type="stmt"/>
        <line num="13" count="18" type="stmt"/>
        <line num="16" count="14" type="stmt"/>
        <line num="19" count="2" type="stmt"/>
        <line num="20" count="12" type="stmt"/>
        <line num="21" count="46" type="cond" truecount="5" falsecount="1"/>
        <line num="23" count="12" type="stmt"/>
        <line num="26" count="8" type="stmt"/>
        <line num="29" count="8" type="stmt"/>
        <line num="32" count="10" type="stmt"/>
        <line num="38" count="8" type="stmt"/>
        <line num="41" count="0" type="stmt"/>
        <line num="45" count="4" type="stmt"/>
      </file>
    </package>
  </project>
</coverage>
