{"/home/perfectblue/frontend-project-46/src/diffBuilder.js": {"path":"/home/perfectblue/frontend-project-46/src/diffBuilder.js","statementMap":{"0":{"start":{"line":3,"column":20},"end":{"line":24,"column":1}},"1":{"start":{"line":4,"column":15},"end":{"line":4,"column":70}},"2":{"start":{"line":6,"column":2},"end":{"line":23,"column":5}},"3":{"start":{"line":7,"column":17},"end":{"line":7,"column":26}},"4":{"start":{"line":8,"column":17},"end":{"line":8,"column":26}},"5":{"start":{"line":10,"column":4},"end":{"line":12,"column":5}},"6":{"start":{"line":11,"column":6},"end":{"line":11,"column":51}},"7":{"start":{"line":13,"column":4},"end":{"line":15,"column":5}},"8":{"start":{"line":14,"column":6},"end":{"line":14,"column":49}},"9":{"start":{"line":16,"column":4},"end":{"line":18,"column":5}},"10":{"start":{"line":17,"column":6},"end":{"line":17,"column":72}},"11":{"start":{"line":19,"column":4},"end":{"line":21,"column":5}},"12":{"start":{"line":20,"column":6},"end":{"line":20,"column":70}},"13":{"start":{"line":22,"column":4},"end":{"line":22,"column":51}}},"fnMap":{"0":{"name":"(anonymous_0)","decl":{"start":{"line":3,"column":20},"end":{"line":3,"column":21}},"loc":{"start":{"line":3,"column":36},"end":{"line":24,"column":1}},"line":3},"1":{"name":"(anonymous_1)","decl":{"start":{"line":6,"column":18},"end":{"line":6,"column":19}},"loc":{"start":{"line":6,"column":27},"end":{"line":23,"column":3}},"line":6}},"branchMap":{"0":{"loc":{"start":{"line":10,"column":4},"end":{"line":12,"column":5}},"type":"if","locations":[{"start":{"line":10,"column":4},"end":{"line":12,"column":5}},{"start":{},"end":{}}],"line":10},"1":{"loc":{"start":{"line":13,"column":4},"end":{"line":15,"column":5}},"type":"if","locations":[{"start":{"line":13,"column":4},"end":{"line":15,"column":5}},{"start":{},"end":{}}],"line":13},"2":{"loc":{"start":{"line":16,"column":4},"end":{"line":18,"column":5}},"type":"if","locations":[{"start":{"line":16,"column":4},"end":{"line":18,"column":5}},{"start":{},"end":{}}],"line":16},"3":{"loc":{"start":{"line":16,"column":8},"end":{"line":16,"column":44}},"type":"binary-expr","locations":[{"start":{"line":16,"column":8},"end":{"line":16,"column":24}},{"start":{"line":16,"column":28},"end":{"line":16,"column":44}}],"line":16},"4":{"loc":{"start":{"line":19,"column":4},"end":{"line":21,"column":5}},"type":"if","locations":[{"start":{"line":19,"column":4},"end":{"line":21,"column":5}},{"start":{},"end":{}}],"line":19}},"s":{"0":2,"1":17,"2":17,"3":64,"4":64,"5":64,"6":10,"7":54,"8":17,"9":37,"10":12,"11":25,"12":14,"13":11},"f":{"0":17,"1":64},"b":{"0":[10,54],"1":[17,37],"2":[12,25],"3":[37,15],"4":[14,11]},"inputSourceMap":null,"_coverageSchema":"1a1c01bbd47fc00a2c39e90264f33305004495a9","hash":"93941a72c556cd1674e2a0fd9e8a83e77e6bc3b1"}
,"/home/perfectblue/frontend-project-46/src/genDiff.js": {"path":"/home/perfectblue/frontend-project-46/src/genDiff.js","statementMap":{"0":{"start":{"line":5,"column":16},"end":{"line":13,"column":1}},"1":{"start":{"line":6,"column":16},"end":{"line":6,"column":31}},"2":{"start":{"line":7,"column":16},"end":{"line":7,"column":31}},"3":{"start":{"line":8,"column":15},"end":{"line":8,"column":38}},"4":{"start":{"line":9,"column":15},"end":{"line":9,"column":38}},"5":{"start":{"line":11,"column":19},"end":{"line":11,"column":44}},"6":{"start":{"line":12,"column":2},"end":{"line":12,"column":38}}},"fnMap":{"0":{"name":"(anonymous_0)","decl":{"start":{"line":5,"column":16},"end":{"line":5,"column":17}},"loc":{"start":{"line":5,"column":58},"end":{"line":13,"column":1}},"line":5}},"branchMap":{"0":{"loc":{"start":{"line":5,"column":31},"end":{"line":5,"column":53}},"type":"default-arg","locations":[{"start":{"line":5,"column":44},"end":{"line":5,"column":53}}],"line":5}},"s":{"0":2,"1":5,"2":5,"3":5,"4":5,"5":5,"6":5},"f":{"0":5},"b":{"0":[4]},"inputSourceMap":null,"_coverageSchema":"1a1c01bbd47fc00a2c39e90264f33305004495a9","hash":"641fb43169f342df99e79be70c61ec583e57e1c2"}
,"/home/perfectblue/frontend-project-46/src/parsers.js": {"path":"/home/perfectblue/frontend-project-46/src/parsers.js","statementMap":{"0":{"start":{"line":5,"column":24},"end":{"line":8,"column":1}},"1":{"start":{"line":6,"column":23},"end":{"line":6,"column":60}},"2":{"start":{"line":7,"column":2},"end":{"line":7,"column":48}},"3":{"start":{"line":10,"column":25},"end":{"line":21,"column":1}},"4":{"start":{"line":11,"column":14},"end":{"line":11,"column":50}},"5":{"start":{"line":13,"column":2},"end":{"line":15,"column":3}},"6":{"start":{"line":14,"column":4},"end":{"line":14,"column":28}},"7":{"start":{"line":16,"column":2},"end":{"line":18,"column":3}},"8":{"start":{"line":17,"column":4},"end":{"line":17,"column":27}},"9":{"start":{"line":20,"column":2},"end":{"line":20,"column":49}}},"fnMap":{"0":{"name":"(anonymous_0)","decl":{"start":{"line":5,"column":24},"end":{"line":5,"column":25}},"loc":{"start":{"line":5,"column":38},"end":{"line":8,"column":1}},"line":5},"1":{"name":"(anonymous_1)","decl":{"start":{"line":10,"column":25},"end":{"line":10,"column":26}},"loc":{"start":{"line":10,"column":45},"end":{"line":21,"column":1}},"line":10}},"branchMap":{"0":{"loc":{"start":{"line":13,"column":2},"end":{"line":15,"column":3}},"type":"if","locations":[{"start":{"line":13,"column":2},"end":{"line":15,"column":3}},{"start":{},"end":{}}],"line":13},"1":{"loc":{"start":{"line":16,"column":2},"end":{"line":18,"column":3}},"type":"if","locations":[{"start":{"line":16,"column":2},"end":{"line":18,"column":3}},{"start":{},"end":{}}],"line":16},"2":{"loc":{"start":{"line":16,"column":6},"end":{"line":16,"column":39}},"type":"binary-expr","locations":[{"start":{"line":16,"column":6},"end":{"line":16,"column":20}},{"start":{"line":16,"column":24},"end":{"line":16,"column":39}}],"line":16}},"s":{"0":2,"1":10,"2":10,"3":2,"4":10,"5":10,"6":6,"7":4,"8":4,"9":0},"f":{"0":10,"1":10},"b":{"0":[6,4],"1":[4,0],"2":[4,0]},"inputSourceMap":null,"_coverageSchema":"1a1c01bbd47fc00a2c39e90264f33305004495a9","hash":"bad84478b90827dff22d5fdbcb50359d37c73d06"}
,"/home/perfectblue/frontend-project-46/src/formatters/index.js": {"path":"/home/perfectblue/frontend-project-46/src/formatters/index.js","statementMap":{"0":{"start":{"line":5,"column":19},"end":{"line":9,"column":1}},"1":{"start":{"line":11,"column":15},"end":{"line":16,"column":1}},"2":{"start":{"line":12,"column":2},"end":{"line":14,"column":3}},"3":{"start":{"line":13,"column":4},"end":{"line":13,"column":53}},"4":{"start":{"line":15,"column":2},"end":{"line":15,"column":38}}},"fnMap":{"0":{"name":"(anonymous_0)","decl":{"start":{"line":11,"column":15},"end":{"line":11,"column":16}},"loc":{"start":{"line":11,"column":37},"end":{"line":16,"column":1}},"line":11}},"branchMap":{"0":{"loc":{"start":{"line":12,"column":2},"end":{"line":14,"column":3}},"type":"if","locations":[{"start":{"line":12,"column":2},"end":{"line":14,"column":3}},{"start":{},"end":{}}],"line":12}},"s":{"0":2,"1":2,"2":5,"3":0,"4":5},"f":{"0":5},"b":{"0":[0,5]},"inputSourceMap":null,"_coverageSchema":"1a1c01bbd47fc00a2c39e90264f33305004495a9","hash":"9121f203333fbd99286189e137ab0efc4cc7a886"}
,"/home/perfectblue/frontend-project-46/src/formatters/json.js": {"path":"/home/perfectblue/frontend-project-46/src/formatters/json.js","statementMap":{"0":{"start":{"line":1,"column":13},"end":{"line":1,"column":52}},"1":{"start":{"line":1,"column":23},"end":{"line":1,"column":52}}},"fnMap":{"0":{"name":"(anonymous_0)","decl":{"start":{"line":1,"column":13},"end":{"line":1,"column":14}},"loc":{"start":{"line":1,"column":23},"end":{"line":1,"column":52}},"line":1}},"branchMap":{},"s":{"0":2,"1":1},"f":{"0":1},"b":{},"inputSourceMap":null,"_coverageSchema":"1a1c01bbd47fc00a2c39e90264f33305004495a9","hash":"14e5f2378aa0d38cb3b12f72402fcefab115eb25"}
,"/home/perfectblue/frontend-project-46/src/formatters/plain.js": {"path":"/home/perfectblue/frontend-project-46/src/formatters/plain.js","statementMap":{"0":{"start":{"line":1,"column":18},"end":{"line":12,"column":1}},"1":{"start":{"line":2,"column":2},"end":{"line":4,"column":3}},"2":{"start":{"line":3,"column":4},"end":{"line":3,"column":18}},"3":{"start":{"line":5,"column":2},"end":{"line":7,"column":3}},"4":{"start":{"line":6,"column":4},"end":{"line":6,"column":29}},"5":{"start":{"line":8,"column":2},"end":{"line":10,"column":3}},"6":{"start":{"line":9,"column":4},"end":{"line":9,"column":24}},"7":{"start":{"line":11,"column":2},"end":{"line":11,"column":23}},"8":{"start":{"line":14,"column":20},"end":{"line":41,"column":1}},"9":{"start":{"line":15,"column":15},"end":{"line":38,"column":15}},"10":{"start":{"line":15,"column":32},"end":{"line":38,"column":15}},"11":{"start":{"line":16,"column":22},"end":{"line":16,"column":47}},"12":{"start":{"line":18,"column":23},"end":{"line":18,"column":52}},"13":{"start":{"line":20,"column":6},"end":{"line":35,"column":7}},"14":{"start":{"line":22,"column":10},"end":{"line":22,"column":89}},"15":{"start":{"line":25,"column":10},"end":{"line":25,"column":54}},"16":{"start":{"line":28,"column":10},"end":{"line":28,"column":119}},"17":{"start":{"line":31,"column":10},"end":{"line":31,"column":58}},"18":{"start":{"line":34,"column":10},"end":{"line":34,"column":22}},"19":{"start":{"line":40,"column":2},"end":{"line":40,"column":24}}},"fnMap":{"0":{"name":"(anonymous_0)","decl":{"start":{"line":1,"column":18},"end":{"line":1,"column":19}},"loc":{"start":{"line":1,"column":29},"end":{"line":12,"column":1}},"line":1},"1":{"name":"(anonymous_1)","decl":{"start":{"line":14,"column":20},"end":{"line":14,"column":21}},"loc":{"start":{"line":14,"column":30},"end":{"line":41,"column":1}},"line":14},"2":{"name":"(anonymous_2)","decl":{"start":{"line":15,"column":15},"end":{"line":15,"column":16}},"loc":{"start":{"line":15,"column":32},"end":{"line":38,"column":15}},"line":15},"3":{"name":"(anonymous_3)","decl":{"start":{"line":16,"column":12},"end":{"line":16,"column":13}},"loc":{"start":{"line":16,"column":22},"end":{"line":16,"column":47}},"line":16},"4":{"name":"(anonymous_4)","decl":{"start":{"line":17,"column":9},"end":{"line":17,"column":10}},"loc":{"start":{"line":17,"column":19},"end":{"line":36,"column":5}},"line":17}},"branchMap":{"0":{"loc":{"start":{"line":2,"column":2},"end":{"line":4,"column":3}},"type":"if","locations":[{"start":{"line":2,"column":2},"end":{"line":4,"column":3}},{"start":{},"end":{}}],"line":2},"1":{"loc":{"start":{"line":5,"column":2},"end":{"line":7,"column":3}},"type":"if","locations":[{"start":{"line":5,"column":2},"end":{"line":7,"column":3}},{"start":{},"end":{}}],"line":5},"2":{"loc":{"start":{"line":8,"column":2},"end":{"line":10,"column":3}},"type":"if","locations":[{"start":{"line":8,"column":2},"end":{"line":10,"column":3}},{"start":{},"end":{}}],"line":8},"3":{"loc":{"start":{"line":20,"column":6},"end":{"line":35,"column":7}},"type":"switch","locations":[{"start":{"line":21,"column":8},"end":{"line":22,"column":89}},{"start":{"line":24,"column":8},"end":{"line":25,"column":54}},{"start":{"line":27,"column":8},"end":{"line":28,"column":119}},{"start":{"line":30,"column":8},"end":{"line":31,"column":58}},{"start":{"line":33,"column":8},"end":{"line":34,"column":22}}],"line":20}},"s":{"0":2,"1":0,"2":0,"3":0,"4":0,"5":0,"6":0,"7":0,"8":2,"9":0,"10":0,"11":0,"12":0,"13":0,"14":0,"15":0,"16":0,"17":0,"18":0,"19":0},"f":{"0":0,"1":0,"2":0,"3":0,"4":0},"b":{"0":[0,0],"1":[0,0],"2":[0,0],"3":[0,0,0,0,0]},"inputSourceMap":null,"_coverageSchema":"1a1c01bbd47fc00a2c39e90264f33305004495a9","hash":"1a22ac7a293be45c748da69239c4032ac9fd3524"}
,"/home/perfectblue/frontend-project-46/src/formatters/stylish.js": {"path":"/home/perfectblue/frontend-project-46/src/formatters/stylish.js","statementMap":{"0":{"start":{"line":3,"column":19},"end":{"line":4,"column":37}},"1":{"start":{"line":4,"column":2},"end":{"line":4,"column":37}},"2":{"start":{"line":6,"column":18},"end":{"line":17,"column":1}},"3":{"start":{"line":7,"column":2},"end":{"line":9,"column":3}},"4":{"start":{"line":8,"column":4},"end":{"line":8,"column":25}},"5":{"start":{"line":11,"column":18},"end":{"line":14,"column":5}},"6":{"start":{"line":13,"column":6},"end":{"line":13,"column":70}},"7":{"start":{"line":16,"column":2},"end":{"line":16,"column":61}},"8":{"start":{"line":19,"column":16},"end":{"line":46,"column":1}},"9":{"start":{"line":20,"column":15},"end":{"line":43,"column":15}},"10":{"start":{"line":20,"column":33},"end":{"line":43,"column":15}},"11":{"start":{"line":21,"column":4},"end":{"line":42,"column":5}},"12":{"start":{"line":23,"column":8},"end":{"line":23,"column":84}},"13":{"start":{"line":26,"column":8},"end":{"line":26,"column":84}},"14":{"start":{"line":29,"column":8},"end":{"line":29,"column":84}},"15":{"start":{"line":32,"column":8},"end":{"line":35,"column":21}},"16":{"start":{"line":38,"column":8},"end":{"line":38,"column":114}},"17":{"start":{"line":41,"column":8},"end":{"line":41,"column":54}},"18":{"start":{"line":45,"column":2},"end":{"line":45,"column":34}}},"fnMap":{"0":{"name":"(anonymous_0)","decl":{"start":{"line":3,"column":19},"end":{"line":3,"column":20}},"loc":{"start":{"line":4,"column":2},"end":{"line":4,"column":37}},"line":4},"1":{"name":"(anonymous_1)","decl":{"start":{"line":6,"column":18},"end":{"line":6,"column":19}},"loc":{"start":{"line":6,"column":36},"end":{"line":17,"column":1}},"line":6},"2":{"name":"(anonymous_2)","decl":{"start":{"line":12,"column":9},"end":{"line":12,"column":10}},"loc":{"start":{"line":13,"column":6},"end":{"line":13,"column":70}},"line":13},"3":{"name":"(anonymous_3)","decl":{"start":{"line":19,"column":16},"end":{"line":19,"column":17}},"loc":{"start":{"line":19,"column":26},"end":{"line":46,"column":1}},"line":19},"4":{"name":"(anonymous_4)","decl":{"start":{"line":20,"column":15},"end":{"line":20,"column":16}},"loc":{"start":{"line":20,"column":33},"end":{"line":43,"column":15}},"line":20},"5":{"name":"(anonymous_5)","decl":{"start":{"line":20,"column":43},"end":{"line":20,"column":44}},"loc":{"start":{"line":20,"column":53},"end":{"line":43,"column":3}},"line":20}},"branchMap":{"0":{"loc":{"start":{"line":3,"column":27},"end":{"line":3,"column":42}},"type":"default-arg","locations":[{"start":{"line":3,"column":41},"end":{"line":3,"column":42}}],"line":3},"1":{"loc":{"start":{"line":7,"column":2},"end":{"line":9,"column":3}},"type":"if","locations":[{"start":{"line":7,"column":2},"end":{"line":9,"column":3}},{"start":{},"end":{}}],"line":7},"2":{"loc":{"start":{"line":21,"column":4},"end":{"line":42,"column":5}},"type":"switch","locations":[{"start":{"line":22,"column":6},"end":{"line":23,"column":84}},{"start":{"line":25,"column":6},"end":{"line":26,"column":84}},{"start":{"line":28,"column":6},"end":{"line":29,"column":84}},{"start":{"line":31,"column":6},"end":{"line":35,"column":21}},{"start":{"line":37,"column":6},"end":{"line":38,"column":114}},{"start":{"line":40,"column":6},"end":{"line":41,"column":54}}],"line":21}},"s":{"0":2,"1":96,"2":2,"3":66,"4":52,"5":14,"6":18,"7":14,"8":2,"9":4,"10":12,"11":46,"12":12,"13":8,"14":8,"15":10,"16":8,"17":0,"18":4},"f":{"0":96,"1":66,"2":18,"3":4,"4":12,"5":46},"b":{"0":[96],"1":[52,14],"2":[12,8,8,10,8,0]},"inputSourceMap":null,"_coverageSchema":"1a1c01bbd47fc00a2c39e90264f33305004495a9","hash":"024b8ef63c7555842f1eb09436021ca943d9b8e7"}
}
