TN:
SF:src/diffBuilder.js
FN:3,(anonymous_0)
FN:6,(anonymous_1)
FNF:2
FNH:2
FNDA:19,(anonymous_0)
FNDA:74,(anonymous_1)
DA:3,3
DA:4,19
DA:6,19
DA:7,74
DA:8,74
DA:10,74
DA:11,14
DA:13,60
DA:14,19
DA:17,41
DA:18,12
DA:25,29
DA:26,16
DA:34,13
LF:14
LH:14
BRDA:10,0,0,14
BRDA:10,0,1,60
BRDA:13,1,0,19
BRDA:13,1,1,41
BRDA:17,2,0,12
BRDA:17,2,1,29
BRDA:17,3,0,41
BRDA:17,3,1,15
BRDA:25,4,0,16
BRDA:25,4,1,13
BRF:10
BRH:10
end_of_record
TN:
SF:src/genDiff.js
FN:5,(anonymous_0)
FNF:1
FNH:1
FNDA:7,(anonymous_0)
DA:5,3
DA:6,7
DA:7,7
DA:8,7
DA:9,7
DA:11,7
DA:12,7
LF:7
LH:7
BRDA:5,0,0,4
BRF:1
BRH:1
end_of_record
TN:
SF:src/parsers.js
FN:5,(anonymous_0)
FN:10,(anonymous_1)
FNF:2
FNH:2
FNDA:14,(anonymous_0)
FNDA:14,(anonymous_1)
DA:5,3
DA:6,14
DA:7,14
DA:10,3
DA:11,14
DA:13,14
DA:15,8
DA:19,6
DA:22,0
LF:9
LH:8
BRDA:13,0,0,8
BRDA:13,0,1,6
BRDA:13,0,2,6
BRDA:13,0,3,0
BRF:4
BRH:3
end_of_record
TN:
SF:src/formatters/index.js
FN:11,(anonymous_0)
FNF:1
FNH:1
FNDA:7,(anonymous_0)
DA:5,3
DA:11,3
DA:12,7
DA:13,0
DA:15,7
LF:5
LH:4
BRDA:12,0,0,0
BRDA:12,0,1,7
BRF:2
BRH:1
end_of_record
TN:
SF:src/formatters/json.js
FN:1,(anonymous_0)
FNF:1
FNH:1
FNDA:1,(anonymous_0)
DA:1,3
LF:1
LH:1
BRF:0
BRH:0
end_of_record
TN:
SF:src/formatters/plain.js
FN:1,(anonymous_0)
FN:14,(anonymous_1)
FN:15,(anonymous_2)
FN:17,(anonymous_3)
FN:18,(anonymous_4)
FNF:5
FNH:5
FNDA:6,(anonymous_0)
FNDA:2,(anonymous_1)
FNDA:2,(anonymous_2)
FNDA:10,(anonymous_3)
FNDA:8,(anonymous_4)
DA:1,3
DA:2,6
DA:3,0
DA:5,6
DA:6,0
DA:8,6
DA:9,0
DA:11,6
DA:14,3
DA:15,2
DA:16,2
DA:17,10
DA:19,8
DA:21,8
DA:23,2
DA:26,4
DA:30,2
DA:33,0
DA:36,0
DA:44,2
LF:20
LH:15
BRDA:2,0,0,0
BRDA:2,0,1,6
BRDA:5,1,0,0
BRDA:5,1,1,6
BRDA:8,2,0,0
BRDA:8,2,1,6
BRDA:21,3,0,2
BRDA:21,3,1,4
BRDA:21,3,2,2
BRDA:21,3,3,2
BRDA:21,3,4,0
BRDA:21,3,5,0
BRF:12
BRH:7
end_of_record
TN:
SF:src/formatters/stylish.js
FN:3,(anonymous_0)
FN:6,(anonymous_1)
FN:12,(anonymous_2)
FN:19,(anonymous_3)
FN:20,(anonymous_4)
FN:20,(anonymous_5)
FNF:6
FNH:6
FNDA:96,(anonymous_0)
FNDA:66,(anonymous_1)
FNDA:18,(anonymous_2)
FNDA:4,(anonymous_3)
FNDA:12,(anonymous_4)
FNDA:46,(anonymous_5)
DA:3,3
DA:4,96
DA:6,3
DA:7,66
DA:8,52
DA:11,14
DA:13,18
DA:16,14
DA:19,3
DA:20,12
DA:21,46
DA:23,12
DA:26,8
DA:29,8
DA:32,10
DA:38,8
DA:41,0
DA:45,4
LF:18
LH:17
BRDA:3,0,0,96
BRDA:7,1,0,52
BRDA:7,1,1,14
BRDA:21,2,0,12
BRDA:21,2,1,8
BRDA:21,2,2,8
BRDA:21,2,3,10
BRDA:21,2,4,8
BRDA:21,2,5,0
BRF:9
BRH:8
end_of_record
