TN:
SF:src/diffBuilder.js
FN:3,(anonymous_0)
FN:6,(anonymous_1)
FNF:2
FNH:2
FNDA:22,(anonymous_0)
FNDA:82,(anonymous_1)
DA:3,3
DA:4,22
DA:6,22
DA:7,82
DA:8,82
DA:10,82
DA:11,12
DA:13,70
DA:14,22
DA:17,48
DA:18,16
DA:25,32
DA:26,18
DA:34,14
LF:14
LH:14
BRDA:10,0,0,12
BRDA:10,0,1,70
BRDA:13,1,0,22
BRDA:13,1,1,48
BRDA:17,2,0,16
BRDA:17,2,1,32
BRDA:17,3,0,48
BRDA:17,3,1,20
BRDA:25,4,0,18
BRDA:25,4,1,14
BRF:10
BRH:10
end_of_record
TN:
SF:src/genDiff.js
FN:5,(anonymous_0)
FNF:1
FNH:1
FNDA:6,(anonymous_0)
DA:5,3
DA:7,6
DA:8,6
DA:10,6
DA:12,6
LF:5
LH:5
BRDA:5,0,0,4
BRF:1
BRH:1
end_of_record
TN:
SF:src/parsers.js
FN:5,(anonymous_0)
FN:18,(anonymous_1)
FNF:2
FNH:2
FNDA:12,(anonymous_0)
FNDA:12,(anonymous_1)
DA:5,3
DA:6,12
DA:8,8
DA:11,4
DA:14,0
DA:18,3
DA:19,12
DA:20,12
DA:22,12
LF:9
LH:8
BRDA:6,0,0,8
BRDA:6,0,1,4
BRDA:6,0,2,4
BRDA:6,0,3,0
BRF:4
BRH:3
end_of_record
TN:
SF:src/formatters/index.js
FN:11,(anonymous_0)
FNF:1
FNH:1
FNDA:6,(anonymous_0)
DA:5,3
DA:11,3
DA:12,6
DA:13,0
DA:15,6
LF:5
LH:4
BRDA:12,0,0,0
BRDA:12,0,1,6
BRF:2
BRH:1
end_of_record
TN:
SF:src/formatters/json.js
FN:3,(anonymous_0)
FNF:1
FNH:1
FNDA:1,(anonymous_0)
DA:3,3
DA:5,1
LF:2
LH:2
BRF:0
BRH:0
end_of_record
TN:
SF:src/formatters/plain.js
FN:1,(anonymous_0)
FN:14,(anonymous_1)
FN:16,(anonymous_2)
FN:18,(anonymous_3)
FN:19,(anonymous_4)
FNF:5
FNH:5
FNDA:13,(anonymous_0)
FNDA:1,(anonymous_1)
FNDA:5,(anonymous_2)
FNDA:18,(anonymous_3)
FNDA:15,(anonymous_4)
DA:1,3
DA:2,13
DA:3,1
DA:5,12
DA:6,3
DA:8,9
DA:9,7
DA:11,2
DA:14,3
DA:16,1
DA:17,5
DA:18,18
DA:20,15
DA:22,15
DA:24,5
DA:27,2
DA:30,4
DA:33,4
DA:36,0
DA:44,1
LF:20
LH:19
BRDA:2,0,0,1
BRDA:2,0,1,12
BRDA:5,1,0,3
BRDA:5,1,1,9
BRDA:5,2,0,12
BRDA:5,2,1,3
BRDA:8,3,0,7
BRDA:8,3,1,2
BRDA:22,4,0,5
BRDA:22,4,1,2
BRDA:22,4,2,4
BRDA:22,4,3,4
BRDA:22,4,4,0
BRF:13
BRH:12
end_of_record
TN:
SF:src/formatters/stylish.js
FN:3,(anonymous_0)
FN:6,(anonymous_1)
FN:12,(anonymous_2)
FN:19,(anonymous_3)
FN:20,(anonymous_4)
FN:20,(anonymous_5)
FNF:6
FNH:6
FNDA:96,(anonymous_0)
FNDA:66,(anonymous_1)
FNDA:18,(anonymous_2)
FNDA:4,(anonymous_3)
FNDA:12,(anonymous_4)
FNDA:46,(anonymous_5)
DA:3,3
DA:4,96
DA:6,3
DA:7,66
DA:8,52
DA:11,14
DA:13,18
DA:16,14
DA:19,3
DA:20,12
DA:21,46
DA:23,12
DA:26,8
DA:29,8
DA:32,10
DA:38,8
DA:41,0
DA:45,4
LF:18
LH:17
BRDA:3,0,0,96
BRDA:7,1,0,52
BRDA:7,1,1,14
BRDA:21,2,0,12
BRDA:21,2,1,8
BRDA:21,2,2,8
BRDA:21,2,3,10
BRDA:21,2,4,8
BRDA:21,2,5,0
BRF:9
BRH:8
end_of_record
